This is pdfTeX, Version 3.14159265-2.6-1.40.19 (TeX Live 2018/Arch Linux) (preloaded format=pdflatex 2019.5.25)  31 MAY 2019 19:30
entering extended mode
 restricted \write18 enabled.
 %&-line parsing enabled.
**codegen.bfe
(./codegen.bfe
LaTeX2e <2018-12-01>
! You can't use `macro parameter character #' in vertical mode.
l.2 #
     include "asm.h"
? 
! Emergency stop.
l.2 #
     include "asm.h"
End of file on the terminal!

 
Here is how much of TeX's memory you used:
 6 strings out of 492616
 142 string characters out of 6135177
 56957 words of memory out of 5000000
 4017 multiletter control sequences out of 15000+600000
 3640 words of font info for 14 fonts, out of 8000000 for 9000
 1141 hyphenation exceptions out of 8191
 5i,0n,1p,30b,8s stack positions out of 5000i,500n,10000p,200000b,80000s
!  ==> Fatal error occurred, no output PDF file produced!
